<?xml version="1.0" encoding="UTF-8"?>
<!-- Generated by org.testng.reporters.JUnitReportReporter -->
<testsuite hostname="DESKTOP-Q5PKL2R" failures="0" tests="6" name="com.salesforce.runner.LoginRunner" time="82.821" errors="0" timestamp="2022-05-27T00:41:19 PDT" skipped="0">
  <testcase classname="com.salesforce.runner.LoginRunner" name="runScenario" time="19.530"/>
  <system-out/>
  <testcase classname="com.salesforce.runner.LoginRunner" name="runScenario" time="12.206"/>
  <system-out/>
  <testcase classname="com.salesforce.runner.LoginRunner" name="runScenario" time="9.016"/>
  <system-out/>
  <testcase classname="com.salesforce.runner.LoginRunner" name="runScenario" time="16.230"/>
  <system-out/>
  <testcase classname="com.salesforce.runner.LoginRunner" name="runScenario" time="9.743"/>
  <system-out/>
  <testcase classname="com.salesforce.runner.LoginRunner" name="runScenario" time="16.096"/>
  <system-out/>
</testsuite> <!-- com.salesforce.runner.LoginRunner -->
