<?xml version="1.0" encoding="UTF-8"?>
<!-- Generated by org.testng.reporters.JUnitReportReporter -->
<testsuite hostname="DESKTOP-Q5PKL2R" failures="0" tests="6" name="com.salesforce.runner.LoginRunner" time="94.766" errors="0" timestamp="2022-05-25T13:03:11 PDT" skipped="0">
  <testcase classname="com.salesforce.runner.LoginRunner" name="runScenario" time="22.788"/>
  <system-out/>
  <testcase classname="com.salesforce.runner.LoginRunner" name="runScenario" time="18.137"/>
  <system-out/>
  <testcase classname="com.salesforce.runner.LoginRunner" name="runScenario" time="9.973"/>
  <system-out/>
  <testcase classname="com.salesforce.runner.LoginRunner" name="runScenario" time="10.256"/>
  <system-out/>
  <testcase classname="com.salesforce.runner.LoginRunner" name="runScenario" time="23.697"/>
  <system-out/>
  <testcase classname="com.salesforce.runner.LoginRunner" name="runScenario" time="9.915"/>
  <system-out/>
</testsuite> <!-- com.salesforce.runner.LoginRunner -->
